2024/12/06 17:38:17 INFO <logger/logger.go:58> [false]
2024/12/06 17:38:31 INFO <logger/logger.go:58> [false]
2024/12/06 17:38:33 INFO <logger/logger.go:58> [true]
2024/12/06 17:38:34 INFO <logger/logger.go:58> [true]
2024/12/06 17:38:34 INFO <logger/logger.go:58> [true]
2024/12/06 17:38:35 INFO <logger/logger.go:58> [true]
2024/12/06 17:38:35 INFO <logger/logger.go:58> [true]
2024/12/06 17:38:35 INFO <logger/logger.go:58> [true]
2024/12/06 17:38:35 INFO <logger/logger.go:58> [true]
2024/12/06 17:38:36 INFO <logger/logger.go:58> [true]
2024/12/06 17:38:39 INFO <logger/logger.go:58> [true]
2024/12/06 17:38:40 INFO <logger/logger.go:58> [true]
2024/12/06 17:38:41 INFO <logger/logger.go:58> [true]
2024/12/06 17:38:41 INFO <logger/logger.go:58> [true]
2024/12/06 17:38:42 INFO <logger/logger.go:58> [true]
2024/12/06 17:38:42 INFO <logger/logger.go:58> [true]
2024/12/06 17:38:42 INFO <logger/logger.go:58> [true]
2024/12/06 17:38:42 INFO <logger/logger.go:58> [true]
2024/12/06 17:38:42 INFO <logger/logger.go:58> [true]
2024/12/06 17:38:43 INFO <logger/logger.go:58> [true]
2024/12/06 17:38:43 INFO <logger/logger.go:58> [true]
2024/12/06 17:38:43 INFO <logger/logger.go:58> [true]
2024/12/06 17:38:43 INFO <logger/logger.go:58> [true]
2024/12/06 17:38:43 INFO <logger/logger.go:58> [true]
2024/12/06 17:38:44 INFO <logger/logger.go:58> [true]
2024/12/06 17:38:44 INFO <logger/logger.go:58> [true]
2024/12/06 17:38:44 INFO <logger/logger.go:58> [true]
2024/12/06 17:38:44 INFO <logger/logger.go:58> [true]
2024/12/06 17:38:44 INFO <logger/logger.go:58> [true]
2024/12/06 17:38:46 INFO <logger/logger.go:58> [true]
2024/12/06 17:38:46 INFO <logger/logger.go:58> [true]
2024/12/06 17:38:46 INFO <logger/logger.go:58> [true]
2024/12/06 17:38:46 INFO <logger/logger.go:58> [true]
2024/12/06 18:27:34 INFO <logger/logger.go:58> [{gid://gitlab/MergeRequest/1  some comment
}]
2024/12/09 16:01:41 INFO <logger/logger.go:58> [{gid://gitlab/MergeRequest/1  }]
